2025-06-02 10:00:18,034 - AI-PhishBait - INFO - Initializing AI model...
2025-06-02 10:00:18,624 - AI-PhishBait - INFO - Launching browser...
2025-06-02 10:00:19,642 - AI-PhishBait - INFO - Startup complete
2025-06-02 10:07:01,987 - AI-PhishBait - INFO - Initializing AI model...
2025-06-02 10:07:03,117 - AI-PhishBait - INFO - Launching browser...
2025-06-02 10:07:04,413 - AI-PhishBait - INFO - Startup complete
2025-06-02 10:37:13,095 - AI-PhishBait - INFO - Scraping twitter profile: https://twitter.com/elonmusk
2025-06-02 10:37:24,551 - AI-PhishBait - ERROR - Scraping failed: 'str' object is not callable
2025-06-02 10:38:43,140 - AI-PhishBait - ERROR - Generation error: BrowserContext.new_page: Target page, context or browser has been closed
Browser logs:

<launching> /home/toor/.cache/ms-playwright/chromium_headless_shell-1169/chrome-linux/headless_shell --disable-field-trial-config --disable-background-networking --disable-background-timer-throttling --disable-backgrounding-occluded-windows --disable-back-forward-cache --disable-breakpad --disable-client-side-phishing-detection --disable-component-extensions-with-background-pages --disable-component-update --no-default-browser-check --disable-default-apps --disable-dev-shm-usage --disable-extensions --disable-features=AcceptCHFrame,AutoExpandDetailsElement,AvoidUnnecessaryBeforeUnloadCheckSync,CertificateTransparencyComponentUpdater,DeferRendererTasksAfterInput,DestroyProfileOnBrowserClose,DialMediaRouteProvider,ExtensionManifestV2Disabled,GlobalMediaControls,HttpsUpgrades,ImprovedCookieControls,LazyFrameLoading,LensOverlay,MediaRouter,PaintHolding,ThirdPartyStoragePartitioning,Translate --allow-pre-commit-input --disable-hang-monitor --disable-ipc-flooding-protection --disable-popup-blocking --disable-prompt-on-repost --disable-renderer-backgrounding --force-color-profile=srgb --metrics-recording-only --no-first-run --enable-automation --password-store=basic --use-mock-keychain --no-service-autorun --export-tagged-pdf --disable-search-engine-choice-screen --unsafely-disable-devtools-self-xss-warnings --headless --hide-scrollbars --mute-audio --blink-settings=primaryHoverType=2,availableHoverTypes=2,primaryPointerType=4,availablePointerTypes=4 --no-sandbox --no-sandbox --disable-setuid-sandbox --disable-dev-shm-usage --single-process --user-data-dir=/tmp/playwright_chromiumdev_profile-1PZ6km --remote-debugging-pipe --no-startup-window
<launched> pid=7591
[pid=7591][err] [0602/103718.221929:INFO:third_party/blink/renderer/modules/peerconnection/peer_connection_dependency_factory.cc:802] Running WebRTC with a combined Network and Worker thread.
2025-06-02 10:39:58,688 - AI-PhishBait - ERROR - Generation error: Browser.new_context: Target page, context or browser has been closed
2025-06-02 10:40:19,734 - AI-PhishBait - INFO - Resources cleaned up
2025-06-02 10:40:23,156 - AI-PhishBait - INFO - Initializing AI model...
2025-06-02 10:40:26,199 - AI-PhishBait - INFO - Launching browser...
2025-06-02 10:40:28,380 - AI-PhishBait - INFO - Startup complete
2025-06-02 10:40:48,164 - AI-PhishBait - INFO - Scraping twitter profile: https://twitter.com/elonmusk
2025-06-02 10:40:59,953 - AI-PhishBait - ERROR - Scraping failed: 'str' object is not callable
2025-06-02 10:49:38,526 - AI-PhishBait - INFO - Resources cleaned up
2025-06-02 10:49:40,022 - AI-PhishBait - INFO - Initializing AI model...
2025-06-02 10:49:41,236 - AI-PhishBait - INFO - Launching browser...
2025-06-02 10:49:42,139 - AI-PhishBait - ERROR - Startup failed: Connection closed while reading from the driver
2025-06-02 10:49:45,387 - AI-PhishBait - INFO - Initializing AI model...
2025-06-02 10:49:45,842 - AI-PhishBait - INFO - Launching browser...
2025-06-02 10:49:46,621 - AI-PhishBait - INFO - Startup complete
2025-06-02 10:50:15,798 - AI-PhishBait - INFO - Scraping twitter profile: https://twitter.com/elonmusk
2025-06-02 11:05:17,547 - AI-PhishBait - INFO - Initializing AI model...
2025-06-02 11:05:18,247 - AI-PhishBait - INFO - Launching browser...
2025-06-02 11:05:20,930 - AI-PhishBait - INFO - Startup complete
2025-06-02 11:06:04,309 - AI-PhishBait - INFO - Scraping twitter profile: https://twitter.com/elonmusk
2025-06-02 11:32:01,216 - AI-PhishBait - INFO - Resources cleaned up
2025-06-02 11:32:02,267 - AI-PhishBait - INFO - Initializing AI model...
2025-06-02 11:32:02,617 - AI-PhishBait - INFO - Launching browser...
2025-06-02 11:32:03,682 - AI-PhishBait - INFO - Startup complete
2025-06-02 11:32:07,132 - AI-PhishBait - INFO - Initializing AI model...
2025-06-02 11:32:07,441 - AI-PhishBait - INFO - Launching browser...
2025-06-02 11:32:08,076 - AI-PhishBait - INFO - Startup complete
2025-06-02 11:32:39,988 - AI-PhishBait - INFO - Scraping linkedin profile: https://twitter.com/elonmusk
2025-06-02 11:33:13,292 - AI-PhishBait - ERROR - Generation error: BrowserContext.new_page: Target page, context or browser has been closed
2025-06-02 11:33:20,842 - AI-PhishBait - INFO - Resources cleaned up
2025-06-02 11:33:23,567 - AI-PhishBait - INFO - Initializing AI model...
2025-06-02 11:33:23,875 - AI-PhishBait - INFO - Launching browser...
2025-06-02 11:33:24,550 - AI-PhishBait - INFO - Startup complete
2025-06-02 11:33:37,557 - AI-PhishBait - INFO - Scraping twitter profile: https://twitter.com/elonmusk
2025-06-02 11:53:47,837 - AI-PhishBait - INFO - Initializing AI model...
2025-06-02 11:53:48,228 - AI-PhishBait - INFO - Launching browser...
2025-06-02 11:53:48,995 - AI-PhishBait - INFO - Startup complete
2025-06-02 11:54:18,851 - AI-PhishBait - INFO - Scraping linkedin profile: https://linkedin.com/elonmusk
2025-06-02 11:55:01,350 - AI-PhishBait - INFO - Initializing AI model...
2025-06-02 11:55:01,673 - AI-PhishBait - INFO - Launching browser...
2025-06-02 11:55:02,156 - AI-PhishBait - INFO - Startup complete
2025-06-02 11:55:06,592 - AI-PhishBait - INFO - Scraping linkedin profile: https://linkedin.com/in/elonmusk
2025-06-02 12:13:39,351 - AI-PhishBait - INFO - Initializing AI model...
2025-06-02 12:13:39,905 - AI-PhishBait - INFO - Launching browser...
2025-06-02 12:13:41,224 - AI-PhishBait - INFO - Startup complete
2025-06-02 12:14:10,259 - AI-PhishBait - INFO - Scraping twitter profile: https://twitter.com/elonmusk
2025-06-02 12:59:01,145 - AI-PhishBait - INFO - Loading AI model...
2025-06-02 13:02:03,360 - AI-PhishBait - INFO - Loading AI model...
2025-06-02 13:02:03,847 - AI-PhishBait - INFO - Launching browser...
2025-06-02 13:02:04,716 - AI-PhishBait - INFO - Startup complete
2025-06-02 13:03:38,853 - AI-PhishBait - INFO - Scraping twitter profile: https://twitter.com/elonmusk
2025-06-02 13:04:20,246 - AI-PhishBait - ERROR - Twitter scraping failed: Page.text_content: Timeout 30000ms exceeded.
Call log:
  - waiting for locator("[data-testid='UserHandle']")

